<?xml version="1.0" encoding="UTF-8"?>
<!-- Generated by org.testng.reporters.JUnitXMLReporter -->
<testsuite ignored="0" hostname="2105IBULT1126" failures="11" tests="17" name="Default test" time="13.662" errors="0" timestamp="2022-05-24T18:43:52 IST">
  <testcase classname="io.cucumber.testng.AbstractTestNGCucumberTests" name="runScenario" time="0.739">
    <failure type="io.cucumber.java.PendingException" message="TODO: implement me">
      <![CDATA[io.cucumber.java.PendingException: TODO: implement me
at parallel.CucumberTags.this_is_a_regression_test(CucumberTags.java:21)
at ✽.This is a RegressionTest(file:///C:/Users/sunitha.reddy/OneDrive%20-%20Apex%20IT/Pictures/Creighton/TrailHeadFeatures/parallel/CucumberTags.feature:14)
]]>
    </failure>
  </testcase> <!-- runScenario -->
  <testcase classname="io.cucumber.testng.AbstractTestNGCucumberTests" name="runScenario" time="0.739">
    <failure type="io.cucumber.java.PendingException" message="TODO: implement me">
      <![CDATA[io.cucumber.java.PendingException: TODO: implement me
at parallel.CucumberTags.this_is_a_smoke_test(CucumberTags.java:27)
at ✽.This is a SmokeTest(file:///C:/Users/sunitha.reddy/OneDrive%20-%20Apex%20IT/Pictures/Creighton/TrailHeadFeatures/parallel/CucumberTags.feature:18)
]]>
    </failure>
  </testcase> <!-- runScenario -->
  <testcase classname="io.cucumber.testng.AbstractTestNGCucumberTests" name="runScenario" time="0.736">
    <failure type="io.cucumber.java.PendingException" message="TODO: implement me">
      <![CDATA[io.cucumber.java.PendingException: TODO: implement me
at parallel.CucumberTags.this_is_a_functional_test(CucumberTags.java:9)
at ✽.This is a Functional test(file:///C:/Users/sunitha.reddy/OneDrive%20-%20Apex%20IT/Pictures/Creighton/TrailHeadFeatures/parallel/CucumberTags.feature:6)
]]>
    </failure>
  </testcase> <!-- runScenario -->
  <testcase classname="io.cucumber.testng.AbstractTestNGCucumberTests" name="runScenario" time="0.738">
    <failure type="io.cucumber.java.PendingException" message="TODO: implement me">
      <![CDATA[io.cucumber.java.PendingException: TODO: implement me
at parallel.CucumberTags.this_is_a_smoke_test_and_regression_test(CucumberTags.java:15)
at ✽.This is a SmokeTest and RegressionTest(file:///C:/Users/sunitha.reddy/OneDrive%20-%20Apex%20IT/Pictures/Creighton/TrailHeadFeatures/parallel/CucumberTags.feature:10)
]]>
    </failure>
  </testcase> <!-- runScenario -->
  <testcase classname="io.cucumber.testng.AbstractTestNGCucumberTests" name="runScenario" time="0.762"/>
  <testcase classname="io.cucumber.testng.AbstractTestNGCucumberTests" name="runScenario" time="0.78"/>
  <testcase classname="io.cucumber.testng.AbstractTestNGCucumberTests" name="runScenario" time="0.818"/>
  <testcase classname="io.cucumber.testng.AbstractTestNGCucumberTests" name="runScenario" time="0.829"/>
  <testcase classname="io.cucumber.testng.AbstractTestNGCucumberTests" name="runScenario" time="0.842"/>
  <testcase classname="io.cucumber.testng.AbstractTestNGCucumberTests" name="runScenario" time="0.079">
    <failure type="io.cucumber.java.PendingException" message="TODO: implement me">
      <![CDATA[io.cucumber.java.PendingException: TODO: implement me
at parallel.CucumberTags.this_is_a_decrease_product_quantity_from_bag_page_test(CucumberTags.java:57)
at ✽.This is a Decrease product quantity from bag page test(file:///C:/Users/sunitha.reddy/OneDrive%20-%20Apex%20IT/Pictures/Creighton/TrailHeadFeatures/parallel/CucumberTags.feature:36)
]]>
    </failure>
  </testcase> <!-- runScenario -->
  <testcase classname="io.cucumber.testng.AbstractTestNGCucumberTests" name="runScenario" time="0.86"/>
  <testcase classname="io.cucumber.testng.AbstractTestNGCucumberTests" name="runScenario" time="0.121">
    <failure type="io.cucumber.java.PendingException" message="TODO: implement me">
      <![CDATA[io.cucumber.java.PendingException: TODO: implement me
at parallel.CucumberTags.this_is_a_remove_a_product_from_bag_test(CucumberTags.java:39)
at ✽.This is a Remove a product from bag test(file:///C:/Users/sunitha.reddy/OneDrive%20-%20Apex%20IT/Pictures/Creighton/TrailHeadFeatures/parallel/CucumberTags.feature:25)
]]>
    </failure>
  </testcase> <!-- runScenario -->
  <testcase classname="io.cucumber.testng.AbstractTestNGCucumberTests" name="runScenario" time="0.054">
    <failure type="io.cucumber.java.PendingException" message="TODO: implement me">
      <![CDATA[io.cucumber.java.PendingException: TODO: implement me
at parallel.CucumberTags.this_is_a_buy_a_product_with_cc_payment_test(CucumberTags.java:69)
at ✽.This is a Buy a product with CC payment test(file:///C:/Users/sunitha.reddy/OneDrive%20-%20Apex%20IT/Pictures/Creighton/TrailHeadFeatures/parallel/CucumberTags.feature:44)
]]>
    </failure>
  </testcase> <!-- runScenario -->
  <testcase classname="io.cucumber.testng.AbstractTestNGCucumberTests" name="runScenario" time="0.138">
    <failure type="io.cucumber.java.PendingException" message="TODO: implement me">
      <![CDATA[io.cucumber.java.PendingException: TODO: implement me
at parallel.CucumberTags.this_is_part1_of_regression_test(CucumberTags.java:45)
at ✽.This is part1 of RegressionTest(file:///C:/Users/sunitha.reddy/OneDrive%20-%20Apex%20IT/Pictures/Creighton/TrailHeadFeatures/parallel/CucumberTags.feature:29)
]]>
    </failure>
  </testcase> <!-- runScenario -->
  <testcase classname="io.cucumber.testng.AbstractTestNGCucumberTests" name="runScenario" time="0.146">
    <failure type="io.cucumber.java.PendingException" message="TODO: implement me">
      <![CDATA[io.cucumber.java.PendingException: TODO: implement me
at parallel.CucumberTags.this_is_a_blank_test(CucumberTags.java:33)
at ✽.This is a blank test(file:///C:/Users/sunitha.reddy/OneDrive%20-%20Apex%20IT/Pictures/Creighton/TrailHeadFeatures/parallel/CucumberTags.feature:21)
]]>
    </failure>
  </testcase> <!-- runScenario -->
  <testcase classname="io.cucumber.testng.AbstractTestNGCucumberTests" name="runScenario" time="0.123">
    <failure type="io.cucumber.java.PendingException" message="TODO: implement me">
      <![CDATA[io.cucumber.java.PendingException: TODO: implement me
at parallel.CucumberTags.this_is_a_buy_a_product_with_cash_payment_test(CucumberTags.java:63)
at ✽.This is a Buy a product with cash payment test(file:///C:/Users/sunitha.reddy/OneDrive%20-%20Apex%20IT/Pictures/Creighton/TrailHeadFeatures/parallel/CucumberTags.feature:40)
]]>
    </failure>
  </testcase> <!-- runScenario -->
  <testcase classname="io.cucumber.testng.AbstractTestNGCucumberTests" name="runScenario" time="0.149">
    <failure type="io.cucumber.java.PendingException" message="TODO: implement me">
      <![CDATA[io.cucumber.java.PendingException: TODO: implement me
at parallel.CucumberTags.this_is_a_part1_of_smoke_testse(CucumberTags.java:51)
at ✽.This is a part1 of SmokeTestse(file:///C:/Users/sunitha.reddy/OneDrive%20-%20Apex%20IT/Pictures/Creighton/TrailHeadFeatures/parallel/CucumberTags.feature:33)
]]>
    </failure>
  </testcase> <!-- runScenario -->
</testsuite> <!-- Default test -->
