<?xml version="1.0" encoding="UTF-8"?>
<!-- Generated by org.testng.reporters.JUnitReportReporter -->
<testsuite hostname="2105IBULT1126" failures="0" tests="17" name="parallel.TestRunner" time="8.678" errors="11" timestamp="2022-05-24T18:43:53 IST" skipped="0">
  <testcase classname="parallel.TestRunner" name="runScenario" time="0.139">
    <error message="TODO: implement me" type="io.cucumber.java.PendingException">
      <![CDATA[io.cucumber.java.PendingException: TODO: implement me
at parallel.CucumberTags.this_is_part1_of_regression_test(CucumberTags.java:45)
at ✽.This is part1 of RegressionTest(file:///C:/Users/sunitha.reddy/OneDrive%20-%20Apex%20IT/Pictures/Creighton/TrailHeadFeatures/parallel/CucumberTags.feature:29)
]]>
    </error>
  </testcase> <!-- runScenario -->
  <system-out/>
  <testcase classname="parallel.TestRunner" name="runScenario" time="0.126">
    <error message="TODO: implement me" type="io.cucumber.java.PendingException">
      <![CDATA[io.cucumber.java.PendingException: TODO: implement me
at parallel.CucumberTags.this_is_a_buy_a_product_with_cash_payment_test(CucumberTags.java:63)
at ✽.This is a Buy a product with cash payment test(file:///C:/Users/sunitha.reddy/OneDrive%20-%20Apex%20IT/Pictures/Creighton/TrailHeadFeatures/parallel/CucumberTags.feature:40)
]]>
    </error>
  </testcase> <!-- runScenario -->
  <system-out/>
  <testcase classname="parallel.TestRunner" name="runScenario" time="0.763"/>
  <system-out/>
  <testcase classname="parallel.TestRunner" name="runScenario" time="0.861"/>
  <system-out/>
  <testcase classname="parallel.TestRunner" name="runScenario" time="0.737">
    <error message="TODO: implement me" type="io.cucumber.java.PendingException">
      <![CDATA[io.cucumber.java.PendingException: TODO: implement me
at parallel.CucumberTags.this_is_a_functional_test(CucumberTags.java:9)
at ✽.This is a Functional test(file:///C:/Users/sunitha.reddy/OneDrive%20-%20Apex%20IT/Pictures/Creighton/TrailHeadFeatures/parallel/CucumberTags.feature:6)
]]>
    </error>
  </testcase> <!-- runScenario -->
  <system-out/>
  <testcase classname="parallel.TestRunner" name="runScenario" time="0.055">
    <error message="TODO: implement me" type="io.cucumber.java.PendingException">
      <![CDATA[io.cucumber.java.PendingException: TODO: implement me
at parallel.CucumberTags.this_is_a_buy_a_product_with_cc_payment_test(CucumberTags.java:69)
at ✽.This is a Buy a product with CC payment test(file:///C:/Users/sunitha.reddy/OneDrive%20-%20Apex%20IT/Pictures/Creighton/TrailHeadFeatures/parallel/CucumberTags.feature:44)
]]>
    </error>
  </testcase> <!-- runScenario -->
  <system-out/>
  <testcase classname="parallel.TestRunner" name="runScenario" time="0.742">
    <error message="TODO: implement me" type="io.cucumber.java.PendingException">
      <![CDATA[io.cucumber.java.PendingException: TODO: implement me
at parallel.CucumberTags.this_is_a_regression_test(CucumberTags.java:21)
at ✽.This is a RegressionTest(file:///C:/Users/sunitha.reddy/OneDrive%20-%20Apex%20IT/Pictures/Creighton/TrailHeadFeatures/parallel/CucumberTags.feature:14)
]]>
    </error>
  </testcase> <!-- runScenario -->
  <system-out/>
  <testcase classname="parallel.TestRunner" name="runScenario" time="0.122">
    <error message="TODO: implement me" type="io.cucumber.java.PendingException">
      <![CDATA[io.cucumber.java.PendingException: TODO: implement me
at parallel.CucumberTags.this_is_a_remove_a_product_from_bag_test(CucumberTags.java:39)
at ✽.This is a Remove a product from bag test(file:///C:/Users/sunitha.reddy/OneDrive%20-%20Apex%20IT/Pictures/Creighton/TrailHeadFeatures/parallel/CucumberTags.feature:25)
]]>
    </error>
  </testcase> <!-- runScenario -->
  <system-out/>
  <testcase classname="parallel.TestRunner" name="runScenario" time="0.829"/>
  <system-out/>
  <testcase classname="parallel.TestRunner" name="runScenario" time="0.819"/>
  <system-out/>
  <testcase classname="parallel.TestRunner" name="runScenario" time="0.781"/>
  <system-out/>
  <testcase classname="parallel.TestRunner" name="runScenario" time="0.147">
    <error message="TODO: implement me" type="io.cucumber.java.PendingException">
      <![CDATA[io.cucumber.java.PendingException: TODO: implement me
at parallel.CucumberTags.this_is_a_blank_test(CucumberTags.java:33)
at ✽.This is a blank test(file:///C:/Users/sunitha.reddy/OneDrive%20-%20Apex%20IT/Pictures/Creighton/TrailHeadFeatures/parallel/CucumberTags.feature:21)
]]>
    </error>
  </testcase> <!-- runScenario -->
  <system-out/>
  <testcase classname="parallel.TestRunner" name="runScenario" time="0.081">
    <error message="TODO: implement me" type="io.cucumber.java.PendingException">
      <![CDATA[io.cucumber.java.PendingException: TODO: implement me
at parallel.CucumberTags.this_is_a_decrease_product_quantity_from_bag_page_test(CucumberTags.java:57)
at ✽.This is a Decrease product quantity from bag page test(file:///C:/Users/sunitha.reddy/OneDrive%20-%20Apex%20IT/Pictures/Creighton/TrailHeadFeatures/parallel/CucumberTags.feature:36)
]]>
    </error>
  </testcase> <!-- runScenario -->
  <system-out/>
  <testcase classname="parallel.TestRunner" name="runScenario" time="0.739">
    <error message="TODO: implement me" type="io.cucumber.java.PendingException">
      <![CDATA[io.cucumber.java.PendingException: TODO: implement me
at parallel.CucumberTags.this_is_a_smoke_test_and_regression_test(CucumberTags.java:15)
at ✽.This is a SmokeTest and RegressionTest(file:///C:/Users/sunitha.reddy/OneDrive%20-%20Apex%20IT/Pictures/Creighton/TrailHeadFeatures/parallel/CucumberTags.feature:10)
]]>
    </error>
  </testcase> <!-- runScenario -->
  <system-out/>
  <testcase classname="parallel.TestRunner" name="runScenario" time="0.152">
    <error message="TODO: implement me" type="io.cucumber.java.PendingException">
      <![CDATA[io.cucumber.java.PendingException: TODO: implement me
at parallel.CucumberTags.this_is_a_part1_of_smoke_testse(CucumberTags.java:51)
at ✽.This is a part1 of SmokeTestse(file:///C:/Users/sunitha.reddy/OneDrive%20-%20Apex%20IT/Pictures/Creighton/TrailHeadFeatures/parallel/CucumberTags.feature:33)
]]>
    </error>
  </testcase> <!-- runScenario -->
  <system-out/>
  <testcase classname="parallel.TestRunner" name="runScenario" time="0.844"/>
  <system-out/>
  <testcase classname="parallel.TestRunner" name="runScenario" time="0.741">
    <error message="TODO: implement me" type="io.cucumber.java.PendingException">
      <![CDATA[io.cucumber.java.PendingException: TODO: implement me
at parallel.CucumberTags.this_is_a_smoke_test(CucumberTags.java:27)
at ✽.This is a SmokeTest(file:///C:/Users/sunitha.reddy/OneDrive%20-%20Apex%20IT/Pictures/Creighton/TrailHeadFeatures/parallel/CucumberTags.feature:18)
]]>
    </error>
  </testcase> <!-- runScenario -->
  <system-out/>
</testsuite> <!-- parallel.TestRunner -->
